15:43:24 DEBUG : Logs will be stored at 'C:/Users/vanes/christmas/sw_project/interrupt_motor/IDE.log'.
15:43:27 INFO  : Launching XSCT server: xsct.bat -n  -interactive C:\Users\vanes\christmas\sw_project\interrupt_motor\temp_xsdb_launch_script.tcl
15:43:28 INFO  : Registering command handlers for Vitis TCF services
15:43:28 INFO  : Platform repository initialization has completed.
15:43:29 INFO  : XSCT server has started successfully.
15:43:30 INFO  : plnx-install-location is set to ''
15:43:30 INFO  : Successfully done setting XSCT server connection channel  
15:43:30 INFO  : Successfully done query RDI_DATADIR 
15:43:30 INFO  : Successfully done setting workspace for the tool. 
15:44:27 INFO  : Result from executing command 'getProjects': design_main_wrapper
15:44:27 INFO  : Result from executing command 'getPlatforms': xilinx_zcu102_base_202220_1|C:/Users/vanes/Xilinx/Vitis/2022.2/base_platforms/xilinx_zcu102_base_202220_1/xilinx_zcu102_base_202220_1.xpfm;xilinx_zcu102_base_dfx_202220_1|C:/Users/vanes/Xilinx/Vitis/2022.2/base_platforms/xilinx_zcu102_base_dfx_202220_1/xilinx_zcu102_base_dfx_202220_1.xpfm;xilinx_zcu104_base_202220_1|C:/Users/vanes/Xilinx/Vitis/2022.2/base_platforms/xilinx_zcu104_base_202220_1/xilinx_zcu104_base_202220_1.xpfm
15:44:28 WARN  : An unexpected exception occurred in the module 'platform project logging'
15:44:28 INFO  : Platform 'design_main_wrapper' is added to custom repositories.
15:44:36 INFO  : Platform 'design_main_wrapper' is added to custom repositories.
15:48:00 INFO  : Result from executing command 'getProjects': design_main_wrapper
15:48:00 INFO  : Result from executing command 'getPlatforms': design_main_wrapper|C:/Users/vanes/christmas/sw_project/interrupt_motor/design_main_wrapper/export/design_main_wrapper/design_main_wrapper.xpfm;xilinx_zcu102_base_202220_1|C:/Users/vanes/Xilinx/Vitis/2022.2/base_platforms/xilinx_zcu102_base_202220_1/xilinx_zcu102_base_202220_1.xpfm;xilinx_zcu102_base_dfx_202220_1|C:/Users/vanes/Xilinx/Vitis/2022.2/base_platforms/xilinx_zcu102_base_dfx_202220_1/xilinx_zcu102_base_dfx_202220_1.xpfm;xilinx_zcu104_base_202220_1|C:/Users/vanes/Xilinx/Vitis/2022.2/base_platforms/xilinx_zcu104_base_202220_1/xilinx_zcu104_base_202220_1.xpfm
15:48:00 INFO  : Checking for BSP changes to sync application flags for project 'Interruption_project'...
15:48:39 INFO  : Checking for BSP changes to sync application flags for project 'Interruption_project'...
15:49:12 INFO  : Checking for BSP changes to sync application flags for project 'Interruption_project'...
16:32:42 INFO  : Checking for BSP changes to sync application flags for project 'Interruption_project'...
16:35:06 INFO  : Checking for BSP changes to sync application flags for project 'Interruption_project'...
16:41:18 INFO  : Checking for BSP changes to sync application flags for project 'Interruption_project'...
16:41:31 INFO  : Connected to target on host '127.0.0.1' and port '3121'.
16:41:31 INFO  : Jtag cable 'Digilent Cora Z7 - 7007S 210370A930C1A' is selected.
16:41:31 INFO  : 'jtag frequency' command is executed.
16:41:31 INFO  : Context for 'APU' is selected.
16:41:32 INFO  : System reset is completed.
16:41:35 INFO  : 'after 3000' command is executed.
16:41:35 INFO  : 'targets -set -filter {jtag_cable_name =~ "Digilent Cora Z7 - 7007S 210370A930C1A" && level==0 && jtag_device_ctx=="jsn-Cora Z7 - 7007S-210370A930C1A-13722093-0"}' command is executed.
16:41:36 INFO  : Device configured successfully with "C:/Users/vanes/christmas/sw_project/interrupt_motor/Interruption_project/_ide/bitstream/design_main_wrapper.bit"
16:41:36 INFO  : Context for 'APU' is selected.
16:41:36 INFO  : Hardware design and registers information is loaded from 'C:/Users/vanes/christmas/sw_project/interrupt_motor/design_main_wrapper/export/design_main_wrapper/hw/design_main_wrapper.xsa'.
16:41:36 INFO  : 'configparams force-mem-access 1' command is executed.
16:41:36 INFO  : Context for 'APU' is selected.
16:41:36 INFO  : Sourcing of 'C:/Users/vanes/christmas/sw_project/interrupt_motor/Interruption_project/_ide/psinit/ps7_init.tcl' is done.
16:41:36 INFO  : 'ps7_init' command is executed.
16:41:36 INFO  : 'ps7_post_config' command is executed.
16:41:36 INFO  : Context for processor 'ps7_cortexa9_0' is selected.
16:41:37 INFO  : The application 'C:/Users/vanes/christmas/sw_project/interrupt_motor/Interruption_project/Debug/Interruption_project.elf' is downloaded to processor 'ps7_cortexa9_0'.
16:41:37 INFO  : 'configparams force-mem-access 0' command is executed.
16:41:37 INFO  : ----------------XSDB Script----------------
connect -url tcp:127.0.0.1:3121
targets -set -nocase -filter {name =~"APU*"}
rst -system
after 3000
targets -set -filter {jtag_cable_name =~ "Digilent Cora Z7 - 7007S 210370A930C1A" && level==0 && jtag_device_ctx=="jsn-Cora Z7 - 7007S-210370A930C1A-13722093-0"}
fpga -file C:/Users/vanes/christmas/sw_project/interrupt_motor/Interruption_project/_ide/bitstream/design_main_wrapper.bit
targets -set -nocase -filter {name =~"APU*"}
loadhw -hw C:/Users/vanes/christmas/sw_project/interrupt_motor/design_main_wrapper/export/design_main_wrapper/hw/design_main_wrapper.xsa -mem-ranges [list {0x40000000 0xbfffffff}] -regs
configparams force-mem-access 1
targets -set -nocase -filter {name =~"APU*"}
source C:/Users/vanes/christmas/sw_project/interrupt_motor/Interruption_project/_ide/psinit/ps7_init.tcl
ps7_init
ps7_post_config
targets -set -nocase -filter {name =~ "*A9*#0"}
dow C:/Users/vanes/christmas/sw_project/interrupt_motor/Interruption_project/Debug/Interruption_project.elf
configparams force-mem-access 0
----------------End of Script----------------

16:41:37 INFO  : Context for processor 'ps7_cortexa9_0' is selected.
16:41:37 INFO  : 'con' command is executed.
16:41:37 INFO  : ----------------XSDB Script (After Launch)----------------
targets -set -nocase -filter {name =~ "*A9*#0"}
con
----------------End of Script----------------

16:41:37 INFO  : Launch script is exported to file 'C:\Users\vanes\christmas\sw_project\interrupt_motor\Interruption_project_system\_ide\scripts\systemdebugger_interruption_project_system_standalone.tcl'
17:19:46 INFO  : Checking for BSP changes to sync application flags for project 'Interruption_project'...
17:20:24 INFO  : Checking for BSP changes to sync application flags for project 'Interruption_project'...
17:21:20 INFO  : Disconnected from the channel tcfchan#5.
17:21:20 INFO  : Connected to target on host '127.0.0.1' and port '3121'.
17:21:20 INFO  : Jtag cable 'Digilent Cora Z7 - 7007S 210370A930C1A' is selected.
17:21:20 INFO  : 'jtag frequency' command is executed.
17:21:20 INFO  : Context for 'APU' is selected.
17:21:20 INFO  : System reset is completed.
17:21:23 INFO  : 'after 3000' command is executed.
17:21:23 INFO  : 'targets -set -filter {jtag_cable_name =~ "Digilent Cora Z7 - 7007S 210370A930C1A" && level==0 && jtag_device_ctx=="jsn-Cora Z7 - 7007S-210370A930C1A-13722093-0"}' command is executed.
17:21:24 INFO  : Device configured successfully with "C:/Users/vanes/christmas/sw_project/interrupt_motor/Interruption_project/_ide/bitstream/design_main_wrapper.bit"
17:21:24 INFO  : Context for 'APU' is selected.
17:21:24 INFO  : Hardware design and registers information is loaded from 'C:/Users/vanes/christmas/sw_project/interrupt_motor/design_main_wrapper/export/design_main_wrapper/hw/design_main_wrapper.xsa'.
17:21:24 INFO  : 'configparams force-mem-access 1' command is executed.
17:21:25 INFO  : Context for 'APU' is selected.
17:21:25 INFO  : Sourcing of 'C:/Users/vanes/christmas/sw_project/interrupt_motor/Interruption_project/_ide/psinit/ps7_init.tcl' is done.
17:21:25 INFO  : 'ps7_init' command is executed.
17:21:25 INFO  : 'ps7_post_config' command is executed.
17:21:25 INFO  : Context for processor 'ps7_cortexa9_0' is selected.
17:21:25 INFO  : The application 'C:/Users/vanes/christmas/sw_project/interrupt_motor/Interruption_project/Debug/Interruption_project.elf' is downloaded to processor 'ps7_cortexa9_0'.
17:21:25 INFO  : 'configparams force-mem-access 0' command is executed.
17:21:25 INFO  : ----------------XSDB Script----------------
connect -url tcp:127.0.0.1:3121
targets -set -nocase -filter {name =~"APU*"}
rst -system
after 3000
targets -set -filter {jtag_cable_name =~ "Digilent Cora Z7 - 7007S 210370A930C1A" && level==0 && jtag_device_ctx=="jsn-Cora Z7 - 7007S-210370A930C1A-13722093-0"}
fpga -file C:/Users/vanes/christmas/sw_project/interrupt_motor/Interruption_project/_ide/bitstream/design_main_wrapper.bit
targets -set -nocase -filter {name =~"APU*"}
loadhw -hw C:/Users/vanes/christmas/sw_project/interrupt_motor/design_main_wrapper/export/design_main_wrapper/hw/design_main_wrapper.xsa -mem-ranges [list {0x40000000 0xbfffffff}] -regs
configparams force-mem-access 1
targets -set -nocase -filter {name =~"APU*"}
source C:/Users/vanes/christmas/sw_project/interrupt_motor/Interruption_project/_ide/psinit/ps7_init.tcl
ps7_init
ps7_post_config
targets -set -nocase -filter {name =~ "*A9*#0"}
dow C:/Users/vanes/christmas/sw_project/interrupt_motor/Interruption_project/Debug/Interruption_project.elf
configparams force-mem-access 0
----------------End of Script----------------

17:21:25 INFO  : Context for processor 'ps7_cortexa9_0' is selected.
17:21:25 INFO  : 'con' command is executed.
17:21:25 INFO  : ----------------XSDB Script (After Launch)----------------
targets -set -nocase -filter {name =~ "*A9*#0"}
con
----------------End of Script----------------

17:21:25 INFO  : Launch script is exported to file 'C:\Users\vanes\christmas\sw_project\interrupt_motor\Interruption_project_system\_ide\scripts\systemdebugger_interruption_project_system_standalone.tcl'
17:35:26 INFO  : Checking for BSP changes to sync application flags for project 'Interruption_project'...
17:43:54 INFO  : Checking for BSP changes to sync application flags for project 'Interruption_project'...
17:44:32 INFO  : Disconnected from the channel tcfchan#6.
17:44:32 INFO  : Connected to target on host '127.0.0.1' and port '3121'.
17:44:32 INFO  : Jtag cable 'Digilent Cora Z7 - 7007S 210370A930C1A' is selected.
17:44:32 INFO  : 'jtag frequency' command is executed.
17:44:32 INFO  : Context for 'APU' is selected.
17:44:32 INFO  : System reset is completed.
17:44:35 INFO  : 'after 3000' command is executed.
17:44:36 INFO  : 'targets -set -filter {jtag_cable_name =~ "Digilent Cora Z7 - 7007S 210370A930C1A" && level==0 && jtag_device_ctx=="jsn-Cora Z7 - 7007S-210370A930C1A-13722093-0"}' command is executed.
17:44:37 INFO  : Device configured successfully with "C:/Users/vanes/christmas/sw_project/interrupt_motor/Interruption_project/_ide/bitstream/design_main_wrapper.bit"
17:44:37 INFO  : Context for 'APU' is selected.
17:44:37 INFO  : Hardware design and registers information is loaded from 'C:/Users/vanes/christmas/sw_project/interrupt_motor/design_main_wrapper/export/design_main_wrapper/hw/design_main_wrapper.xsa'.
17:44:37 INFO  : 'configparams force-mem-access 1' command is executed.
17:44:37 INFO  : Context for 'APU' is selected.
17:44:37 INFO  : Sourcing of 'C:/Users/vanes/christmas/sw_project/interrupt_motor/Interruption_project/_ide/psinit/ps7_init.tcl' is done.
17:44:37 INFO  : 'ps7_init' command is executed.
17:44:37 INFO  : 'ps7_post_config' command is executed.
17:44:37 INFO  : Context for processor 'ps7_cortexa9_0' is selected.
17:44:37 INFO  : The application 'C:/Users/vanes/christmas/sw_project/interrupt_motor/Interruption_project/Debug/Interruption_project.elf' is downloaded to processor 'ps7_cortexa9_0'.
17:44:37 INFO  : 'configparams force-mem-access 0' command is executed.
17:44:37 INFO  : ----------------XSDB Script----------------
connect -url tcp:127.0.0.1:3121
targets -set -nocase -filter {name =~"APU*"}
rst -system
after 3000
targets -set -filter {jtag_cable_name =~ "Digilent Cora Z7 - 7007S 210370A930C1A" && level==0 && jtag_device_ctx=="jsn-Cora Z7 - 7007S-210370A930C1A-13722093-0"}
fpga -file C:/Users/vanes/christmas/sw_project/interrupt_motor/Interruption_project/_ide/bitstream/design_main_wrapper.bit
targets -set -nocase -filter {name =~"APU*"}
loadhw -hw C:/Users/vanes/christmas/sw_project/interrupt_motor/design_main_wrapper/export/design_main_wrapper/hw/design_main_wrapper.xsa -mem-ranges [list {0x40000000 0xbfffffff}] -regs
configparams force-mem-access 1
targets -set -nocase -filter {name =~"APU*"}
source C:/Users/vanes/christmas/sw_project/interrupt_motor/Interruption_project/_ide/psinit/ps7_init.tcl
ps7_init
ps7_post_config
targets -set -nocase -filter {name =~ "*A9*#0"}
dow C:/Users/vanes/christmas/sw_project/interrupt_motor/Interruption_project/Debug/Interruption_project.elf
configparams force-mem-access 0
----------------End of Script----------------

17:44:38 INFO  : Context for processor 'ps7_cortexa9_0' is selected.
17:44:38 INFO  : 'con' command is executed.
17:44:38 INFO  : ----------------XSDB Script (After Launch)----------------
targets -set -nocase -filter {name =~ "*A9*#0"}
con
----------------End of Script----------------

17:44:38 INFO  : Launch script is exported to file 'C:\Users\vanes\christmas\sw_project\interrupt_motor\Interruption_project_system\_ide\scripts\systemdebugger_interruption_project_system_standalone.tcl'
